1610982766670:ls
1610982769909:help
1610982777335:exit
1610983449176:help
1610983453713:clear
1610984335827:help
1610984384788:exit
1610984441397:ls
1610984445060:help
1610984446919:exit
1610984923193:ls
1610984925369:help
1610990450656:exit
1611019400103:help
1611019403985:exit
1611766195892:help
1611766197978:list
1611766204872:add a a 1
1611766209446:add help
1611766218422:add origin
1611766223689:add origin 1
1611766231439:add origin 1 destination
1611766236141:list
1611766260964:exit
1611768433515:help
1611768441189:clear
1611768443643:list
1611771623308:help
1611771625724:list
1611771920198:help
1611771934221:path
1611771942394:load-file
1611771952048:stacktrace
1611772025725:load-file
1611772508150:stactrace
1611772516264:stacktrace
1611772662711:help
1611772669029:path
1611772686699:add a b 10
1611772690681:list
1611772694022:load-file
1611772901859:help
1611772908379:add a b 10
1611772911626:stacktrace
1611772940206:add a 10 b
1611772942393:list
1611772953563:add b 5 c
1611772955702:list
1611773046126:ls
1611773049291:list
1611773054319:add a 1 b
1611773055736:list
1611773105546:add a 1 b
1611773108731:add a 1 c
1611773109748:list
1611773116536:save
1611773120668:help
1611773124872:path
1611773127958:load-file
1611773133226:stracktrace
1611773136854:stacktrace
1611773510441:help
1611773513044:path
1611773538530:load-file
1611773681408:help
1611773684892:load-file
1611773688998:stacktrace
1611774084116:list
1611774087964:help
1611774091971:path
1611774095186:load-file
1611774103000:stacktrace
1611774179172:load-file
1611774531009:list
1611774532848:help
1611774535168:load-file
1611774537586:list
1611774560771:help
1611774575728:change-path
1611774583870:change-path help
1611774592694:change-path --help
1611774605972:change path --init-path "c:\\teste.txt"
1611774623594:change path --init-path "C:\\\\teste.txt"
1611774626228:list
1611774628445:clear
1611774630077:ls
1611774632410:ll
1611774633473:list
1611774635712:help
1611774639744:exit
1611774831406:load-file
1611774833630:list
1611774836279:save
1611774840881:help
1611774845116:reset
1611774846402:list
1611774849658:load-file
1611774852274:reset
1611774860076:change-path
1611774871491:change-path "c:\\teste"
1611774884786:chanage-path "c:\\\\teste.txt"
1611774897380:change-path "c:\\\\teste.txt"
1611774901440:help
1611774906127:save-to-file
1611774914583:list
1611774920611:add a b 1
1611774924613:add a 1 v
1611774927763:add a 2 z
1611774928896:list
1611774930081:save
1611774933600:help
1611774937872:save-to-file
1611774943078:list
1611774958624:stacktrace
1611775037847:help
1611775044568:load-file
1611775049933:save-to-file
1611775053789:list
1611775059577:stacktrace
1611780480739:help
1611780484912:load-file
1611780486713:list
1611780545825:add a 1 b
1611780547674:list
1611780594538:help
1611780601285:load-file
1611780622024:ist
1611780623344:list
1611780642267:reset
1611780735681:load-file
1611780737521:list
1611780743890:help
1611780841925:load-file
1611780844598:run
1611780859893:run GRU CDG
1611780949726:help
1611780953985:load-file
1611780955986:list
1611780958349:run
1611780967828:list
1611780970800:run
1611780979899:run GRU CDG
1611780983295:help
1611780988723:show-minor-path
1611781074376:help
1611781077192:list
1611781079731:run
1611781085253:show-minor-path
1611781202149:help
1611781205451:load-file
1611781223118:run GRU CDG
1611781233201:show-minor-path
1611781519111:about
1611781543178:load-file
1611781544326:list
1611781545679:run
1611781551256:run GRU CDG
1611781557738:help
1611781561924:show-minor-path
1611781805324:list
1611781813564:load-file
1611781815066:exit
1611781828706:load-file
1611781829769:list
1611781830991:run
1611781841463:run GRU CDG
1611781846366:help
1611781850388:show-minor-path
